mode: set
github.com/darkfella/cni-plugins-install/cmd/cni-plugins-install/main.go:17.18,37.15 7 0
github.com/darkfella/cni-plugins-install/cmd/cni-plugins-install/main.go:37.15,38.54 1 0
github.com/darkfella/cni-plugins-install/cmd/cni-plugins-install/main.go:38.54,40.4 1 0
github.com/darkfella/cni-plugins-install/cmd/cni-plugins-install/main.go:46.2,47.19 2 0
github.com/darkfella/cni-plugins-install/cmd/cni-plugins-install/main.go:47.19,49.3 1 0
github.com/darkfella/cni-plugins-install/cmd/cni-plugins-install/main.go:52.2,57.16 4 0
github.com/darkfella/cni-plugins-install/cmd/cni-plugins-install/main.go:57.16,59.3 1 0
github.com/darkfella/cni-plugins-install/cmd/cni-plugins-install/main.go:61.2,61.20 1 0
github.com/darkfella/cni-plugins-install/cmd/cni-plugins-install/main.go:61.20,65.17 3 0
github.com/darkfella/cni-plugins-install/cmd/cni-plugins-install/main.go:65.17,67.4 1 0
github.com/darkfella/cni-plugins-install/cmd/cni-plugins-install/main.go:68.3,68.19 1 0
github.com/darkfella/cni-plugins-install/cmd/cni-plugins-install/main.go:68.19,72.4 3 0
github.com/darkfella/cni-plugins-install/cmd/cni-plugins-install/main.go:73.3,73.66 1 0
github.com/darkfella/cni-plugins-install/cmd/cni-plugins-install/main.go:79.2,80.91 2 0
github.com/darkfella/cni-plugins-install/cmd/cni-plugins-install/main.go:80.91,82.3 1 0
github.com/darkfella/cni-plugins-install/cmd/cni-plugins-install/main.go:85.2,86.98 2 0
github.com/darkfella/cni-plugins-install/cmd/cni-plugins-install/main.go:86.98,88.3 1 0
github.com/darkfella/cni-plugins-install/cmd/cni-plugins-install/main.go:91.2,92.76 2 0
github.com/darkfella/cni-plugins-install/cmd/cni-plugins-install/main.go:92.76,94.3 1 0
github.com/darkfella/cni-plugins-install/cmd/cni-plugins-install/main.go:97.2,99.16 3 0
github.com/darkfella/cni-plugins-install/cmd/cni-plugins-install/main.go:99.16,101.3 1 0
github.com/darkfella/cni-plugins-install/cmd/cni-plugins-install/main.go:102.2,102.12 1 0
github.com/darkfella/cni-plugins-install/cmd/cni-plugins-install/main.go:102.12,104.3 1 0
github.com/darkfella/cni-plugins-install/cmd/cni-plugins-install/main.go:106.2,107.12 2 0
github.com/darkfella/cni-plugins-install/cmd/cni-plugins-install/main.go:110.13,112.30 1 0
github.com/darkfella/cni-plugins-install/cmd/cni-plugins-install/main.go:112.30,118.3 2 0
github.com/darkfella/cni-plugins-install/internal/config/config.go:20.26,28.2 1 1
github.com/darkfella/cni-plugins-install/internal/config/config.go:31.32,32.65 1 1
github.com/darkfella/cni-plugins-install/internal/config/config.go:32.65,34.3 1 1
github.com/darkfella/cni-plugins-install/internal/config/config.go:36.2,36.71 1 1
github.com/darkfella/cni-plugins-install/internal/config/config.go:36.71,38.3 1 1
github.com/darkfella/cni-plugins-install/internal/logging/logger.go:15.26,17.23 2 1
github.com/darkfella/cni-plugins-install/internal/logging/logger.go:18.15,19.29 1 1
github.com/darkfella/cni-plugins-install/internal/logging/logger.go:20.14,21.28 1 1
github.com/darkfella/cni-plugins-install/internal/logging/logger.go:22.15,23.29 1 1
github.com/darkfella/cni-plugins-install/internal/logging/logger.go:24.15,25.29 1 1
github.com/darkfella/cni-plugins-install/internal/logging/logger.go:28.2,37.32 2 1
github.com/darkfella/cni-plugins-install/internal/logging/logger.go:41.27,43.20 2 1
github.com/darkfella/cni-plugins-install/internal/logging/logger.go:43.20,45.3 1 1
github.com/darkfella/cni-plugins-install/internal/logging/logger.go:46.2,46.17 1 1
github.com/darkfella/cni-plugins-install/internal/logging/logger.go:50.41,52.2 1 1
github.com/darkfella/cni-plugins-install/internal/logging/logger.go:55.40,57.2 1 1
github.com/darkfella/cni-plugins-install/internal/logging/logger.go:60.40,62.2 1 1
github.com/darkfella/cni-plugins-install/internal/logging/logger.go:65.41,67.2 1 1
github.com/darkfella/cni-plugins-install/internal/logging/logger.go:70.41,72.2 1 1
github.com/darkfella/cni-plugins-install/pkg/errors/errors.go:15.41,16.18 1 1
github.com/darkfella/cni-plugins-install/pkg/errors/errors.go:16.18,18.3 1 1
github.com/darkfella/cni-plugins-install/pkg/errors/errors.go:19.2,19.59 1 1
github.com/darkfella/cni-plugins-install/pkg/errors/errors.go:23.41,25.2 1 1
github.com/darkfella/cni-plugins-install/pkg/errors/errors.go:28.71,33.2 1 1
github.com/darkfella/cni-plugins-install/pkg/errors/errors.go:36.64,37.16 1 1
github.com/darkfella/cni-plugins-install/pkg/errors/errors.go:37.16,39.3 1 1
github.com/darkfella/cni-plugins-install/pkg/errors/errors.go:40.2,40.56 1 1
github.com/darkfella/cni-plugins-install/pkg/errors/errors.go:54.36,56.21 2 1
github.com/darkfella/cni-plugins-install/pkg/errors/errors.go:56.21,58.3 1 1
github.com/darkfella/cni-plugins-install/pkg/errors/errors.go:59.2,59.20 1 1
github.com/darkfella/cni-plugins-install/pkg/errors/errors.go:59.20,61.3 1 1
github.com/darkfella/cni-plugins-install/pkg/errors/errors.go:62.2,62.12 1 1
github.com/darkfella/cni-plugins-install/pkg/errors/errors.go:66.36,68.2 1 1
github.com/darkfella/cni-plugins-install/pkg/errors/errors.go:72.40,74.2 1 1
github.com/darkfella/cni-plugins-install/pkg/checksum/checksum.go:17.92,19.16 2 1
github.com/darkfella/cni-plugins-install/pkg/checksum/checksum.go:19.16,21.3 1 1
github.com/darkfella/cni-plugins-install/pkg/checksum/checksum.go:22.2,22.15 1 1
github.com/darkfella/cni-plugins-install/pkg/checksum/checksum.go:22.15,23.62 1 1
github.com/darkfella/cni-plugins-install/pkg/checksum/checksum.go:23.62,25.4 1 0
github.com/darkfella/cni-plugins-install/pkg/checksum/checksum.go:28.2,29.47 2 1
github.com/darkfella/cni-plugins-install/pkg/checksum/checksum.go:29.47,31.3 1 0
github.com/darkfella/cni-plugins-install/pkg/checksum/checksum.go:33.2,33.47 1 1
github.com/darkfella/cni-plugins-install/pkg/checksum/checksum.go:37.81,39.16 2 1
github.com/darkfella/cni-plugins-install/pkg/checksum/checksum.go:39.16,41.3 1 1
github.com/darkfella/cni-plugins-install/pkg/checksum/checksum.go:43.2,43.32 1 1
github.com/darkfella/cni-plugins-install/pkg/checksum/checksum.go:43.32,45.3 1 1
github.com/darkfella/cni-plugins-install/pkg/checksum/checksum.go:47.2,47.12 1 1
github.com/darkfella/cni-plugins-install/pkg/checksum/checksum.go:51.47,53.16 2 1
github.com/darkfella/cni-plugins-install/pkg/checksum/checksum.go:53.16,55.3 1 1
github.com/darkfella/cni-plugins-install/pkg/checksum/checksum.go:57.2,58.45 2 1
github.com/darkfella/cni-plugins-install/pkg/checksum/checksum.go:58.45,60.3 1 1
github.com/darkfella/cni-plugins-install/pkg/checksum/checksum.go:62.2,62.23 1 1
github.com/darkfella/cni-plugins-install/pkg/checksum/checksum.go:66.81,70.20 3 1
github.com/darkfella/cni-plugins-install/pkg/checksum/checksum.go:70.20,74.3 3 1
github.com/darkfella/cni-plugins-install/pkg/checksum/checksum.go:76.2,76.20 1 1
github.com/darkfella/cni-plugins-install/pkg/checksum/checksum.go:76.20,80.3 3 1
github.com/darkfella/cni-plugins-install/pkg/checksum/checksum.go:82.2,82.33 1 1
github.com/darkfella/cni-plugins-install/pkg/checksum/checksum.go:82.33,84.3 1 1
github.com/darkfella/cni-plugins-install/pkg/checksum/checksum.go:86.2,86.28 1 1
github.com/darkfella/cni-plugins-install/pkg/archive/archive.go:26.54,31.2 1 1
github.com/darkfella/cni-plugins-install/pkg/archive/archive.go:34.87,35.9 1 1
github.com/darkfella/cni-plugins-install/pkg/archive/archive.go:36.91,37.53 1 1
github.com/darkfella/cni-plugins-install/pkg/archive/archive.go:38.43,39.51 1 1
github.com/darkfella/cni-plugins-install/pkg/archive/archive.go:40.10,42.41 2 1
github.com/darkfella/cni-plugins-install/pkg/archive/archive.go:42.41,44.4 1 1
github.com/darkfella/cni-plugins-install/pkg/archive/archive.go:45.3,45.104 1 1
github.com/darkfella/cni-plugins-install/pkg/archive/archive.go:50.84,51.9 1 1
github.com/darkfella/cni-plugins-install/pkg/archive/archive.go:52.20,53.19 1 1
github.com/darkfella/cni-plugins-install/pkg/archive/archive.go:54.10,54.10 0 1
github.com/darkfella/cni-plugins-install/pkg/archive/archive.go:57.2,58.16 2 1
github.com/darkfella/cni-plugins-install/pkg/archive/archive.go:58.16,60.3 1 1
github.com/darkfella/cni-plugins-install/pkg/archive/archive.go:61.2,61.15 1 1
github.com/darkfella/cni-plugins-install/pkg/archive/archive.go:61.15,62.62 1 1
github.com/darkfella/cni-plugins-install/pkg/archive/archive.go:62.62,64.4 1 0
github.com/darkfella/cni-plugins-install/pkg/archive/archive.go:67.2,68.16 2 1
github.com/darkfella/cni-plugins-install/pkg/archive/archive.go:68.16,70.3 1 1
github.com/darkfella/cni-plugins-install/pkg/archive/archive.go:71.2,71.15 1 1
github.com/darkfella/cni-plugins-install/pkg/archive/archive.go:71.15,72.61 1 1
github.com/darkfella/cni-plugins-install/pkg/archive/archive.go:72.61,74.4 1 0
github.com/darkfella/cni-plugins-install/pkg/archive/archive.go:77.2,78.6 2 1
github.com/darkfella/cni-plugins-install/pkg/archive/archive.go:78.6,79.10 1 1
github.com/darkfella/cni-plugins-install/pkg/archive/archive.go:80.21,81.20 1 0
github.com/darkfella/cni-plugins-install/pkg/archive/archive.go:82.11,82.11 0 1
github.com/darkfella/cni-plugins-install/pkg/archive/archive.go:85.3,86.20 2 1
github.com/darkfella/cni-plugins-install/pkg/archive/archive.go:86.20,87.9 1 1
github.com/darkfella/cni-plugins-install/pkg/archive/archive.go:89.3,89.17 1 1
github.com/darkfella/cni-plugins-install/pkg/archive/archive.go:89.17,91.4 1 0
github.com/darkfella/cni-plugins-install/pkg/archive/archive.go:93.3,93.37 1 1
github.com/darkfella/cni-plugins-install/pkg/archive/archive.go:93.37,95.93 2 1
github.com/darkfella/cni-plugins-install/pkg/archive/archive.go:95.93,97.5 1 1
github.com/darkfella/cni-plugins-install/pkg/archive/archive.go:98.4,98.74 1 1
github.com/darkfella/cni-plugins-install/pkg/archive/archive.go:102.2,102.12 1 1
github.com/darkfella/cni-plugins-install/pkg/archive/archive.go:106.82,108.16 2 1
github.com/darkfella/cni-plugins-install/pkg/archive/archive.go:108.16,110.3 1 0
github.com/darkfella/cni-plugins-install/pkg/archive/archive.go:111.2,111.15 1 1
github.com/darkfella/cni-plugins-install/pkg/archive/archive.go:111.15,112.64 1 1
github.com/darkfella/cni-plugins-install/pkg/archive/archive.go:112.64,114.4 1 0
github.com/darkfella/cni-plugins-install/pkg/archive/archive.go:117.2,117.35 1 1
github.com/darkfella/cni-plugins-install/pkg/archive/archive.go:117.35,118.10 1 1
github.com/darkfella/cni-plugins-install/pkg/archive/archive.go:119.21,120.20 1 1
github.com/darkfella/cni-plugins-install/pkg/archive/archive.go:121.11,121.11 0 1
github.com/darkfella/cni-plugins-install/pkg/archive/archive.go:124.3,125.57 2 1
github.com/darkfella/cni-plugins-install/pkg/archive/archive.go:125.57,127.4 1 1
github.com/darkfella/cni-plugins-install/pkg/archive/archive.go:130.2,130.12 1 1
github.com/darkfella/cni-plugins-install/pkg/archive/archive.go:134.84,135.29 1 1
github.com/darkfella/cni-plugins-install/pkg/archive/archive.go:135.29,136.90 1 1
github.com/darkfella/cni-plugins-install/pkg/archive/archive.go:136.90,138.4 1 1
github.com/darkfella/cni-plugins-install/pkg/archive/archive.go:139.3,139.13 1 1
github.com/darkfella/cni-plugins-install/pkg/archive/archive.go:142.2,143.16 2 1
github.com/darkfella/cni-plugins-install/pkg/archive/archive.go:143.16,145.3 1 0
github.com/darkfella/cni-plugins-install/pkg/archive/archive.go:146.2,146.15 1 1
github.com/darkfella/cni-plugins-install/pkg/archive/archive.go:146.15,147.64 1 1
github.com/darkfella/cni-plugins-install/pkg/archive/archive.go:147.64,149.4 1 0
github.com/darkfella/cni-plugins-install/pkg/archive/archive.go:152.2,152.97 1 1
github.com/darkfella/cni-plugins-install/pkg/archive/archive.go:152.97,154.3 1 0
github.com/darkfella/cni-plugins-install/pkg/archive/archive.go:156.2,156.12 1 1
github.com/darkfella/cni-plugins-install/pkg/validator/validator.go:19.54,23.2 1 1
github.com/darkfella/cni-plugins-install/pkg/validator/validator.go:26.42,27.23 1 1
github.com/darkfella/cni-plugins-install/pkg/validator/validator.go:27.23,29.3 1 1
github.com/darkfella/cni-plugins-install/pkg/validator/validator.go:30.2,30.12 1 0
github.com/darkfella/cni-plugins-install/pkg/validator/validator.go:34.61,36.21 2 1
github.com/darkfella/cni-plugins-install/pkg/validator/validator.go:36.21,38.3 1 1
github.com/darkfella/cni-plugins-install/pkg/validator/validator.go:40.2,41.19 2 1
github.com/darkfella/cni-plugins-install/pkg/validator/validator.go:41.19,43.3 1 1
github.com/darkfella/cni-plugins-install/pkg/validator/validator.go:45.2,50.27 2 1
github.com/darkfella/cni-plugins-install/pkg/validator/validator.go:50.27,52.3 1 1
github.com/darkfella/cni-plugins-install/pkg/validator/validator.go:54.2,54.12 1 1
github.com/darkfella/cni-plugins-install/pkg/validator/validator.go:58.53,59.16 1 1
github.com/darkfella/cni-plugins-install/pkg/validator/validator.go:59.16,61.3 1 1
github.com/darkfella/cni-plugins-install/pkg/validator/validator.go:63.2,63.27 1 1
github.com/darkfella/cni-plugins-install/pkg/validator/validator.go:63.27,65.3 1 1
github.com/darkfella/cni-plugins-install/pkg/validator/validator.go:67.2,67.12 1 1
github.com/darkfella/cni-plugins-install/pkg/validator/validator.go:71.58,72.45 1 1
github.com/darkfella/cni-plugins-install/pkg/validator/validator.go:72.45,74.3 1 0
github.com/darkfella/cni-plugins-install/pkg/validator/validator.go:76.2,77.16 2 1
github.com/darkfella/cni-plugins-install/pkg/validator/validator.go:77.16,79.3 1 1
github.com/darkfella/cni-plugins-install/pkg/validator/validator.go:81.2,81.19 1 1
github.com/darkfella/cni-plugins-install/pkg/validator/validator.go:81.19,83.3 1 1
github.com/darkfella/cni-plugins-install/pkg/validator/validator.go:86.2,86.27 1 1
github.com/darkfella/cni-plugins-install/pkg/validator/validator.go:86.27,88.3 1 1
github.com/darkfella/cni-plugins-install/pkg/validator/validator.go:90.2,90.12 1 1
github.com/darkfella/cni-plugins-install/pkg/validator/validator.go:94.53,95.45 1 1
github.com/darkfella/cni-plugins-install/pkg/validator/validator.go:95.45,97.3 1 0
github.com/darkfella/cni-plugins-install/pkg/validator/validator.go:99.2,100.16 2 1
github.com/darkfella/cni-plugins-install/pkg/validator/validator.go:100.16,102.3 1 1
github.com/darkfella/cni-plugins-install/pkg/validator/validator.go:104.2,104.18 1 1
github.com/darkfella/cni-plugins-install/pkg/validator/validator.go:104.18,106.3 1 1
github.com/darkfella/cni-plugins-install/pkg/validator/validator.go:109.2,109.27 1 1
github.com/darkfella/cni-plugins-install/pkg/validator/validator.go:109.27,111.3 1 1
github.com/darkfella/cni-plugins-install/pkg/validator/validator.go:113.2,113.12 1 1
github.com/darkfella/cni-plugins-install/pkg/validator/validator.go:117.59,118.45 1 1
github.com/darkfella/cni-plugins-install/pkg/validator/validator.go:118.45,120.3 1 1
github.com/darkfella/cni-plugins-install/pkg/validator/validator.go:122.2,123.16 2 1
github.com/darkfella/cni-plugins-install/pkg/validator/validator.go:123.16,125.3 1 0
github.com/darkfella/cni-plugins-install/pkg/validator/validator.go:127.2,127.27 1 1
github.com/darkfella/cni-plugins-install/pkg/validator/validator.go:127.27,129.3 1 1
github.com/darkfella/cni-plugins-install/pkg/validator/validator.go:131.2,131.12 1 1
github.com/darkfella/cni-plugins-install/pkg/validator/validator.go:135.57,137.16 2 1
github.com/darkfella/cni-plugins-install/pkg/validator/validator.go:137.16,139.3 1 1
github.com/darkfella/cni-plugins-install/pkg/validator/validator.go:141.2,141.43 1 1
github.com/darkfella/cni-plugins-install/pkg/validator/validator.go:141.43,143.3 1 1
github.com/darkfella/cni-plugins-install/pkg/validator/validator.go:145.2,145.44 1 1
github.com/darkfella/cni-plugins-install/pkg/validator/validator.go:145.44,147.3 1 1
github.com/darkfella/cni-plugins-install/pkg/validator/validator.go:149.2,149.12 1 1
github.com/darkfella/cni-plugins-install/pkg/validator/validator.go:153.59,154.19 1 1
github.com/darkfella/cni-plugins-install/pkg/validator/validator.go:154.19,156.3 1 1
github.com/darkfella/cni-plugins-install/pkg/validator/validator.go:159.2,159.38 1 1
github.com/darkfella/cni-plugins-install/pkg/validator/validator.go:159.38,161.3 1 1
github.com/darkfella/cni-plugins-install/pkg/validator/validator.go:163.2,164.21 2 1
github.com/darkfella/cni-plugins-install/pkg/validator/validator.go:164.21,166.3 1 1
github.com/darkfella/cni-plugins-install/pkg/validator/validator.go:168.2,168.12 1 1
github.com/darkfella/cni-plugins-install/pkg/validator/validator.go:172.51,173.15 1 1
github.com/darkfella/cni-plugins-install/pkg/validator/validator.go:173.15,175.3 1 1
github.com/darkfella/cni-plugins-install/pkg/validator/validator.go:177.2,177.79 1 1
github.com/darkfella/cni-plugins-install/pkg/validator/validator.go:177.79,179.3 1 1
github.com/darkfella/cni-plugins-install/pkg/validator/validator.go:181.2,181.12 1 1
github.com/darkfella/cni-plugins-install/pkg/validator/validator.go:185.62,188.2 1 1
github.com/darkfella/cni-plugins-install/pkg/version/version.go:34.75,40.2 1 1
github.com/darkfella/cni-plugins-install/pkg/version/version.go:43.85,46.16 2 1
github.com/darkfella/cni-plugins-install/pkg/version/version.go:46.16,48.3 1 1
github.com/darkfella/cni-plugins-install/pkg/version/version.go:51.2,52.29 2 1
github.com/darkfella/cni-plugins-install/pkg/version/version.go:52.29,53.23 1 1
github.com/darkfella/cni-plugins-install/pkg/version/version.go:53.23,54.12 1 1
github.com/darkfella/cni-plugins-install/pkg/version/version.go:57.3,58.37 2 1
github.com/darkfella/cni-plugins-install/pkg/version/version.go:58.37,59.12 1 0
github.com/darkfella/cni-plugins-install/pkg/version/version.go:62.3,63.17 2 1
github.com/darkfella/cni-plugins-install/pkg/version/version.go:63.17,65.4 1 1
github.com/darkfella/cni-plugins-install/pkg/version/version.go:66.3,66.27 1 1
github.com/darkfella/cni-plugins-install/pkg/version/version.go:69.2,76.16 3 1
github.com/darkfella/cni-plugins-install/pkg/version/version.go:76.16,78.3 1 0
github.com/darkfella/cni-plugins-install/pkg/version/version.go:80.2,81.119 2 1
github.com/darkfella/cni-plugins-install/pkg/version/version.go:81.119,83.3 1 0
github.com/darkfella/cni-plugins-install/pkg/version/version.go:85.2,85.12 1 1
github.com/darkfella/cni-plugins-install/pkg/version/version.go:89.94,91.43 2 1
github.com/darkfella/cni-plugins-install/pkg/version/version.go:91.43,93.3 1 1
github.com/darkfella/cni-plugins-install/pkg/version/version.go:95.2,96.16 2 1
github.com/darkfella/cni-plugins-install/pkg/version/version.go:96.16,103.3 2 0
github.com/darkfella/cni-plugins-install/pkg/version/version.go:105.2,106.52 2 1
github.com/darkfella/cni-plugins-install/pkg/version/version.go:106.52,108.3 1 1
github.com/darkfella/cni-plugins-install/pkg/version/version.go:111.2,111.29 1 1
github.com/darkfella/cni-plugins-install/pkg/version/version.go:111.29,114.3 2 1
github.com/darkfella/cni-plugins-install/pkg/version/version.go:116.2,116.18 1 1
github.com/darkfella/cni-plugins-install/pkg/version/version.go:120.86,126.42 4 1
github.com/darkfella/cni-plugins-install/pkg/version/version.go:126.42,128.17 2 1
github.com/darkfella/cni-plugins-install/pkg/version/version.go:128.17,130.4 1 1
github.com/darkfella/cni-plugins-install/pkg/version/version.go:131.3,131.62 1 1
github.com/darkfella/cni-plugins-install/pkg/version/version.go:131.62,133.4 1 0
github.com/darkfella/cni-plugins-install/pkg/version/version.go:134.3,134.27 1 1
github.com/darkfella/cni-plugins-install/pkg/version/version.go:138.2,138.36 1 1
github.com/darkfella/cni-plugins-install/pkg/version/version.go:138.36,142.37 2 1
github.com/darkfella/cni-plugins-install/pkg/version/version.go:142.37,145.4 2 1
github.com/darkfella/cni-plugins-install/pkg/version/version.go:148.3,148.37 1 1
github.com/darkfella/cni-plugins-install/pkg/version/version.go:148.37,150.12 2 1
github.com/darkfella/cni-plugins-install/pkg/version/version.go:154.3,154.24 1 1
github.com/darkfella/cni-plugins-install/pkg/version/version.go:154.24,156.11 2 1
github.com/darkfella/cni-plugins-install/pkg/version/version.go:156.11,159.5 2 1
github.com/darkfella/cni-plugins-install/pkg/version/version.go:160.4,160.77 1 1
github.com/darkfella/cni-plugins-install/pkg/version/version.go:160.77,163.5 2 1
github.com/darkfella/cni-plugins-install/pkg/version/version.go:167.3,168.17 2 1
github.com/darkfella/cni-plugins-install/pkg/version/version.go:168.17,171.4 1 0
github.com/darkfella/cni-plugins-install/pkg/version/version.go:172.3,172.14 1 1
github.com/darkfella/cni-plugins-install/pkg/version/version.go:172.14,175.4 2 1
github.com/darkfella/cni-plugins-install/pkg/version/version.go:178.2,178.18 1 1
github.com/darkfella/cni-plugins-install/pkg/sync/sync.go:36.44,43.2 1 1
github.com/darkfella/cni-plugins-install/pkg/sync/sync.go:46.69,47.64 1 1
github.com/darkfella/cni-plugins-install/pkg/sync/sync.go:47.64,49.3 1 1
github.com/darkfella/cni-plugins-install/pkg/sync/sync.go:51.2,51.64 1 1
github.com/darkfella/cni-plugins-install/pkg/sync/sync.go:51.64,53.3 1 1
github.com/darkfella/cni-plugins-install/pkg/sync/sync.go:55.2,55.12 1 1
github.com/darkfella/cni-plugins-install/pkg/sync/sync.go:59.82,62.66 2 1
github.com/darkfella/cni-plugins-install/pkg/sync/sync.go:62.66,64.3 1 1
github.com/darkfella/cni-plugins-install/pkg/sync/sync.go:67.2,68.83 2 1
github.com/darkfella/cni-plugins-install/pkg/sync/sync.go:68.83,70.3 1 0
github.com/darkfella/cni-plugins-install/pkg/sync/sync.go:71.2,78.51 4 1
github.com/darkfella/cni-plugins-install/pkg/sync/sync.go:78.51,79.10 1 1
github.com/darkfella/cni-plugins-install/pkg/sync/sync.go:80.21,82.55 2 1
github.com/darkfella/cni-plugins-install/pkg/sync/sync.go:82.55,84.5 1 0
github.com/darkfella/cni-plugins-install/pkg/sync/sync.go:85.4,85.59 1 1
github.com/darkfella/cni-plugins-install/pkg/sync/sync.go:86.11,86.11 0 1
github.com/darkfella/cni-plugins-install/pkg/sync/sync.go:90.3,95.43 4 1
github.com/darkfella/cni-plugins-install/pkg/sync/sync.go:95.43,97.12 2 1
github.com/darkfella/cni-plugins-install/pkg/sync/sync.go:101.3,101.43 1 1
github.com/darkfella/cni-plugins-install/pkg/sync/sync.go:101.43,103.12 2 1
github.com/darkfella/cni-plugins-install/pkg/sync/sync.go:107.3,111.17 3 1
github.com/darkfella/cni-plugins-install/pkg/sync/sync.go:111.17,113.4 1 0
github.com/darkfella/cni-plugins-install/pkg/sync/sync.go:116.3,118.19 3 1
github.com/darkfella/cni-plugins-install/pkg/sync/sync.go:118.19,121.18 2 1
github.com/darkfella/cni-plugins-install/pkg/sync/sync.go:121.18,124.5 2 1
github.com/darkfella/cni-plugins-install/pkg/sync/sync.go:124.10,126.21 1 1
github.com/darkfella/cni-plugins-install/pkg/sync/sync.go:126.21,128.20 2 1
github.com/darkfella/cni-plugins-install/pkg/sync/sync.go:128.20,132.7 2 0
github.com/darkfella/cni-plugins-install/pkg/sync/sync.go:132.12,135.7 1 1
github.com/darkfella/cni-plugins-install/pkg/sync/sync.go:136.11,139.6 1 1
github.com/darkfella/cni-plugins-install/pkg/sync/sync.go:142.4,142.16 1 1
github.com/darkfella/cni-plugins-install/pkg/sync/sync.go:142.16,144.13 2 1
github.com/darkfella/cni-plugins-install/pkg/sync/sync.go:149.3,151.19 3 1
github.com/darkfella/cni-plugins-install/pkg/sync/sync.go:151.19,154.18 2 1
github.com/darkfella/cni-plugins-install/pkg/sync/sync.go:154.18,157.5 1 0
github.com/darkfella/cni-plugins-install/pkg/sync/sync.go:159.4,159.72 1 1
github.com/darkfella/cni-plugins-install/pkg/sync/sync.go:159.72,160.70 1 0
github.com/darkfella/cni-plugins-install/pkg/sync/sync.go:160.70,162.6 1 0
github.com/darkfella/cni-plugins-install/pkg/sync/sync.go:163.5,163.56 1 0
github.com/darkfella/cni-plugins-install/pkg/sync/sync.go:165.4,166.100 2 1
github.com/darkfella/cni-plugins-install/pkg/sync/sync.go:170.3,170.71 1 1
github.com/darkfella/cni-plugins-install/pkg/sync/sync.go:170.71,171.69 1 0
github.com/darkfella/cni-plugins-install/pkg/sync/sync.go:171.69,173.5 1 0
github.com/darkfella/cni-plugins-install/pkg/sync/sync.go:174.4,174.53 1 0
github.com/darkfella/cni-plugins-install/pkg/sync/sync.go:178.3,178.74 1 1
github.com/darkfella/cni-plugins-install/pkg/sync/sync.go:178.74,181.69 1 0
github.com/darkfella/cni-plugins-install/pkg/sync/sync.go:181.69,183.5 1 0
github.com/darkfella/cni-plugins-install/pkg/sync/sync.go:186.4,186.57 1 0
github.com/darkfella/cni-plugins-install/pkg/sync/sync.go:189.3,196.80 2 1
github.com/darkfella/cni-plugins-install/pkg/sync/sync.go:199.2,203.41 3 1
github.com/darkfella/cni-plugins-install/pkg/sync/sync.go:203.41,205.65 2 1
github.com/darkfella/cni-plugins-install/pkg/sync/sync.go:205.65,207.4 1 0
github.com/darkfella/cni-plugins-install/pkg/sync/sync.go:208.8,208.23 1 1
github.com/darkfella/cni-plugins-install/pkg/sync/sync.go:208.23,211.3 1 0
github.com/darkfella/cni-plugins-install/pkg/sync/sync.go:213.2,214.12 2 1
github.com/darkfella/cni-plugins-install/pkg/sync/sync.go:218.61,219.44 1 1
github.com/darkfella/cni-plugins-install/pkg/sync/sync.go:219.44,221.18 2 1
github.com/darkfella/cni-plugins-install/pkg/sync/sync.go:221.18,222.78 1 1
github.com/darkfella/cni-plugins-install/pkg/sync/sync.go:222.78,225.13 2 1
github.com/darkfella/cni-plugins-install/pkg/sync/sync.go:227.4,227.69 1 1
github.com/darkfella/cni-plugins-install/pkg/sync/sync.go:230.2,230.12 1 1
github.com/darkfella/cni-plugins-install/pkg/sync/sync.go:234.85,236.2 1 1
github.com/darkfella/cni-plugins-install/pkg/sync/sync.go:239.82,241.2 1 1
github.com/darkfella/cni-plugins-install/pkg/sync/sync.go:244.91,246.2 1 1
github.com/darkfella/cni-plugins-install/pkg/sync/sync.go:249.83,251.2 1 1
github.com/darkfella/cni-plugins-install/pkg/fs/cleanup.go:44.50,51.2 1 1
github.com/darkfella/cni-plugins-install/pkg/fs/cleanup.go:54.45,56.2 1 1
github.com/darkfella/cni-plugins-install/pkg/fs/cleanup.go:59.64,76.2 5 1
github.com/darkfella/cni-plugins-install/pkg/fs/cleanup.go:79.48,81.2 1 1
github.com/darkfella/cni-plugins-install/pkg/fs/cleanup.go:84.80,85.15 1 1
github.com/darkfella/cni-plugins-install/pkg/fs/cleanup.go:85.15,87.3 1 1
github.com/darkfella/cni-plugins-install/pkg/fs/cleanup.go:89.2,90.25 2 1
github.com/darkfella/cni-plugins-install/pkg/fs/cleanup.go:90.25,92.3 1 1
github.com/darkfella/cni-plugins-install/pkg/fs/cleanup.go:93.2,106.29 9 1
github.com/darkfella/cni-plugins-install/pkg/fs/cleanup.go:106.29,107.10 1 1
github.com/darkfella/cni-plugins-install/pkg/fs/cleanup.go:108.21,110.20 2 1
github.com/darkfella/cni-plugins-install/pkg/fs/cleanup.go:111.11,111.11 0 1
github.com/darkfella/cni-plugins-install/pkg/fs/cleanup.go:114.3,119.21 5 1
github.com/darkfella/cni-plugins-install/pkg/fs/cleanup.go:119.21,121.4 1 1
github.com/darkfella/cni-plugins-install/pkg/fs/cleanup.go:121.9,127.4 2 1
github.com/darkfella/cni-plugins-install/pkg/fs/cleanup.go:130.2,130.19 1 1
github.com/darkfella/cni-plugins-install/pkg/fs/cleanup.go:130.19,139.21 6 0
github.com/darkfella/cni-plugins-install/pkg/fs/cleanup.go:139.21,141.4 1 0
github.com/darkfella/cni-plugins-install/pkg/fs/cleanup.go:141.9,143.4 1 0
github.com/darkfella/cni-plugins-install/pkg/fs/cleanup.go:146.2,159.20 6 1
github.com/darkfella/cni-plugins-install/pkg/fs/cleanup.go:159.20,161.3 1 1
github.com/darkfella/cni-plugins-install/pkg/fs/cleanup.go:163.2,163.12 1 1
github.com/darkfella/cni-plugins-install/pkg/fs/cleanup.go:167.84,173.9 2 1
github.com/darkfella/cni-plugins-install/pkg/fs/cleanup.go:174.20,176.16 2 0
github.com/darkfella/cni-plugins-install/pkg/fs/cleanup.go:177.10,177.10 0 1
github.com/darkfella/cni-plugins-install/pkg/fs/cleanup.go:181.2,181.60 1 1
github.com/darkfella/cni-plugins-install/pkg/fs/cleanup.go:181.60,184.3 2 1
github.com/darkfella/cni-plugins-install/pkg/fs/cleanup.go:187.2,187.41 1 1
github.com/darkfella/cni-plugins-install/pkg/fs/cleanup.go:187.41,190.3 2 1
github.com/darkfella/cni-plugins-install/pkg/fs/cleanup.go:193.2,194.16 2 1
github.com/darkfella/cni-plugins-install/pkg/fs/cleanup.go:194.16,197.3 2 0
github.com/darkfella/cni-plugins-install/pkg/fs/cleanup.go:200.2,200.34 1 1
github.com/darkfella/cni-plugins-install/pkg/fs/cleanup.go:200.34,203.3 2 1
github.com/darkfella/cni-plugins-install/pkg/fs/cleanup.go:206.2,206.19 1 1
github.com/darkfella/cni-plugins-install/pkg/fs/cleanup.go:207.19,208.48 1 1
github.com/darkfella/cni-plugins-install/pkg/fs/cleanup.go:209.22,210.45 1 1
github.com/darkfella/cni-plugins-install/pkg/fs/cleanup.go:211.10,212.55 1 0
github.com/darkfella/cni-plugins-install/pkg/fs/cleanup.go:215.2,215.16 1 1
github.com/darkfella/cni-plugins-install/pkg/fs/cleanup.go:215.16,218.3 2 0
github.com/darkfella/cni-plugins-install/pkg/fs/cleanup.go:220.2,221.15 2 1
github.com/darkfella/cni-plugins-install/pkg/fs/cleanup.go:225.44,226.36 1 1
github.com/darkfella/cni-plugins-install/pkg/fs/cleanup.go:226.36,227.39 1 1
github.com/darkfella/cni-plugins-install/pkg/fs/cleanup.go:227.39,228.45 1 1
github.com/darkfella/cni-plugins-install/pkg/fs/cleanup.go:228.45,230.5 1 1
github.com/darkfella/cni-plugins-install/pkg/fs/fs.go:39.55,44.2 1 1
github.com/darkfella/cni-plugins-install/pkg/fs/fs.go:47.76,48.56 1 1
github.com/darkfella/cni-plugins-install/pkg/fs/fs.go:48.56,50.3 1 1
github.com/darkfella/cni-plugins-install/pkg/fs/fs.go:51.2,51.32 1 1
github.com/darkfella/cni-plugins-install/pkg/fs/fs.go:55.58,56.56 1 1
github.com/darkfella/cni-plugins-install/pkg/fs/fs.go:56.56,58.3 1 1
github.com/darkfella/cni-plugins-install/pkg/fs/fs.go:59.2,59.27 1 1
github.com/darkfella/cni-plugins-install/pkg/fs/fs.go:63.78,64.61 1 1
github.com/darkfella/cni-plugins-install/pkg/fs/fs.go:64.61,66.3 1 1
github.com/darkfella/cni-plugins-install/pkg/fs/fs.go:68.2,69.16 2 1
github.com/darkfella/cni-plugins-install/pkg/fs/fs.go:69.16,71.3 1 0
github.com/darkfella/cni-plugins-install/pkg/fs/fs.go:72.2,72.15 1 1
github.com/darkfella/cni-plugins-install/pkg/fs/fs.go:72.15,73.61 1 1
github.com/darkfella/cni-plugins-install/pkg/fs/fs.go:73.61,75.4 1 0
github.com/darkfella/cni-plugins-install/pkg/fs/fs.go:78.2,79.16 2 1
github.com/darkfella/cni-plugins-install/pkg/fs/fs.go:79.16,81.3 1 0
github.com/darkfella/cni-plugins-install/pkg/fs/fs.go:83.2,83.19 1 1
github.com/darkfella/cni-plugins-install/pkg/fs/fs.go:87.52,90.2 2 1
github.com/darkfella/cni-plugins-install/pkg/fs/fs.go:93.53,95.16 2 1
github.com/darkfella/cni-plugins-install/pkg/fs/fs.go:95.16,97.3 1 1
github.com/darkfella/cni-plugins-install/pkg/fs/fs.go:98.2,98.21 1 1
github.com/darkfella/cni-plugins-install/pkg/fs/fs.go:102.63,103.56 1 1
github.com/darkfella/cni-plugins-install/pkg/fs/fs.go:103.56,105.3 1 1
github.com/darkfella/cni-plugins-install/pkg/fs/fs.go:107.2,108.16 2 1
github.com/darkfella/cni-plugins-install/pkg/fs/fs.go:108.16,110.3 1 0
github.com/darkfella/cni-plugins-install/pkg/fs/fs.go:112.2,112.25 1 1
github.com/darkfella/cni-plugins-install/pkg/fs/fs.go:116.69,117.56 1 1
github.com/darkfella/cni-plugins-install/pkg/fs/fs.go:117.56,119.3 1 1
github.com/darkfella/cni-plugins-install/pkg/fs/fs.go:121.2,122.16 2 1
github.com/darkfella/cni-plugins-install/pkg/fs/fs.go:122.16,124.3 1 1
github.com/darkfella/cni-plugins-install/pkg/fs/fs.go:126.2,126.25 1 1
github.com/darkfella/cni-plugins-install/pkg/fs/fs.go:130.72,131.56 1 1
github.com/darkfella/cni-plugins-install/pkg/fs/fs.go:131.56,133.3 1 1
github.com/darkfella/cni-plugins-install/pkg/fs/fs.go:134.2,134.29 1 1
github.com/darkfella/cni-plugins-install/pkg/fs/fs.go:138.55,139.55 1 1
github.com/darkfella/cni-plugins-install/pkg/fs/fs.go:139.55,141.3 1 1
github.com/darkfella/cni-plugins-install/pkg/fs/fs.go:142.2,142.55 1 1
github.com/darkfella/cni-plugins-install/pkg/fs/fs.go:142.55,144.3 1 1
github.com/darkfella/cni-plugins-install/pkg/fs/fs.go:145.2,145.28 1 1
github.com/darkfella/cni-plugins-install/pkg/fs/fs.go:149.92,150.56 1 1
github.com/darkfella/cni-plugins-install/pkg/fs/fs.go:150.56,152.3 1 1
github.com/darkfella/cni-plugins-install/pkg/fs/fs.go:154.2,154.17 1 1
github.com/darkfella/cni-plugins-install/pkg/fs/fs.go:154.17,156.3 1 1
github.com/darkfella/cni-plugins-install/pkg/fs/fs.go:158.2,161.16 4 1
github.com/darkfella/cni-plugins-install/pkg/fs/fs.go:161.16,163.3 1 1
github.com/darkfella/cni-plugins-install/pkg/fs/fs.go:165.2,165.15 1 1
github.com/darkfella/cni-plugins-install/pkg/fs/fs.go:165.15,166.52 1 1
github.com/darkfella/cni-plugins-install/pkg/fs/fs.go:166.52,168.4 1 0
github.com/darkfella/cni-plugins-install/pkg/fs/fs.go:169.3,169.70 1 1
github.com/darkfella/cni-plugins-install/pkg/fs/fs.go:169.70,171.4 1 0
github.com/darkfella/cni-plugins-install/pkg/fs/fs.go:174.2,174.56 1 1
github.com/darkfella/cni-plugins-install/pkg/fs/fs.go:174.56,176.3 1 0
github.com/darkfella/cni-plugins-install/pkg/fs/fs.go:178.2,178.51 1 1
github.com/darkfella/cni-plugins-install/pkg/fs/fs.go:178.51,180.3 1 0
github.com/darkfella/cni-plugins-install/pkg/fs/fs.go:182.2,182.40 1 1
github.com/darkfella/cni-plugins-install/pkg/fs/fs.go:182.40,184.3 1 0
github.com/darkfella/cni-plugins-install/pkg/fs/fs.go:187.2,187.57 1 1
github.com/darkfella/cni-plugins-install/pkg/fs/fs.go:187.57,189.3 1 1
github.com/darkfella/cni-plugins-install/pkg/fs/fs.go:191.2,191.12 1 1
github.com/darkfella/cni-plugins-install/pkg/fs/fs.go:195.55,196.16 1 1
github.com/darkfella/cni-plugins-install/pkg/fs/fs.go:196.16,198.3 1 1
github.com/darkfella/cni-plugins-install/pkg/fs/fs.go:201.2,202.16 2 1
github.com/darkfella/cni-plugins-install/pkg/fs/fs.go:202.16,203.25 1 1
github.com/darkfella/cni-plugins-install/pkg/fs/fs.go:203.25,206.4 2 1
github.com/darkfella/cni-plugins-install/pkg/fs/fs.go:207.3,207.39 1 0
github.com/darkfella/cni-plugins-install/pkg/fs/fs.go:211.2,211.27 1 1
github.com/darkfella/cni-plugins-install/pkg/fs/fs.go:211.27,213.58 2 1
github.com/darkfella/cni-plugins-install/pkg/fs/fs.go:213.58,215.4 1 0
github.com/darkfella/cni-plugins-install/pkg/fs/fs.go:218.2,218.24 1 1
github.com/darkfella/cni-plugins-install/pkg/fs/fs.go:222.58,224.2 1 1
github.com/darkfella/cni-plugins-install/pkg/fs/fs.go:227.53,229.2 1 1
github.com/darkfella/cni-plugins-install/pkg/fs/fs.go:232.63,233.56 1 1
github.com/darkfella/cni-plugins-install/pkg/fs/fs.go:233.56,235.3 1 1
github.com/darkfella/cni-plugins-install/pkg/fs/fs.go:237.2,238.16 2 1
github.com/darkfella/cni-plugins-install/pkg/fs/fs.go:238.16,240.3 1 0
github.com/darkfella/cni-plugins-install/pkg/fs/fs.go:242.2,243.20 2 1
github.com/darkfella/cni-plugins-install/pkg/fs/fs.go:243.20,245.3 1 1
github.com/darkfella/cni-plugins-install/pkg/fs/fs.go:247.2,247.18 1 1
github.com/darkfella/cni-plugins-install/pkg/artifact/download.go:46.99,47.19 1 1
github.com/darkfella/cni-plugins-install/pkg/artifact/download.go:47.19,53.3 1 1
github.com/darkfella/cni-plugins-install/pkg/artifact/download.go:54.2,62.3 1 1
github.com/darkfella/cni-plugins-install/pkg/artifact/download.go:66.38,68.2 1 1
github.com/darkfella/cni-plugins-install/pkg/artifact/download.go:71.95,73.61 1 1
github.com/darkfella/cni-plugins-install/pkg/artifact/download.go:73.61,75.3 1 1
github.com/darkfella/cni-plugins-install/pkg/artifact/download.go:76.2,76.65 1 1
github.com/darkfella/cni-plugins-install/pkg/artifact/download.go:76.65,78.3 1 1
github.com/darkfella/cni-plugins-install/pkg/artifact/download.go:81.2,82.84 2 1
github.com/darkfella/cni-plugins-install/pkg/artifact/download.go:82.84,84.3 1 0
github.com/darkfella/cni-plugins-install/pkg/artifact/download.go:85.2,89.86 3 1
github.com/darkfella/cni-plugins-install/pkg/artifact/download.go:89.86,91.3 1 0
github.com/darkfella/cni-plugins-install/pkg/artifact/download.go:94.2,107.60 8 1
github.com/darkfella/cni-plugins-install/pkg/artifact/download.go:107.60,109.3 1 0
github.com/darkfella/cni-plugins-install/pkg/artifact/download.go:110.2,110.56 1 1
github.com/darkfella/cni-plugins-install/pkg/artifact/download.go:110.56,112.3 1 0
github.com/darkfella/cni-plugins-install/pkg/artifact/download.go:115.2,121.26 4 1
github.com/darkfella/cni-plugins-install/pkg/artifact/download.go:121.26,123.17 2 1
github.com/darkfella/cni-plugins-install/pkg/artifact/download.go:123.17,125.4 1 0
github.com/darkfella/cni-plugins-install/pkg/artifact/download.go:126.3,126.16 1 1
github.com/darkfella/cni-plugins-install/pkg/artifact/download.go:126.16,127.66 1 1
github.com/darkfella/cni-plugins-install/pkg/artifact/download.go:127.66,129.5 1 0
github.com/darkfella/cni-plugins-install/pkg/artifact/download.go:132.3,133.78 2 1
github.com/darkfella/cni-plugins-install/pkg/artifact/download.go:133.78,135.4 1 1
github.com/darkfella/cni-plugins-install/pkg/artifact/download.go:137.3,138.17 2 1
github.com/darkfella/cni-plugins-install/pkg/artifact/download.go:138.17,140.4 1 0
github.com/darkfella/cni-plugins-install/pkg/artifact/download.go:142.3,143.13 2 1
github.com/darkfella/cni-plugins-install/pkg/artifact/download.go:146.2,146.26 1 1
github.com/darkfella/cni-plugins-install/pkg/artifact/download.go:146.26,148.17 2 1
github.com/darkfella/cni-plugins-install/pkg/artifact/download.go:148.17,150.4 1 0
github.com/darkfella/cni-plugins-install/pkg/artifact/download.go:151.3,151.16 1 1
github.com/darkfella/cni-plugins-install/pkg/artifact/download.go:151.16,152.66 1 1
github.com/darkfella/cni-plugins-install/pkg/artifact/download.go:152.66,154.5 1 0
github.com/darkfella/cni-plugins-install/pkg/artifact/download.go:157.3,158.74 2 1
github.com/darkfella/cni-plugins-install/pkg/artifact/download.go:158.74,160.4 1 1
github.com/darkfella/cni-plugins-install/pkg/artifact/download.go:162.3,163.13 2 1
github.com/darkfella/cni-plugins-install/pkg/artifact/download.go:166.2,166.33 1 1
github.com/darkfella/cni-plugins-install/pkg/artifact/download.go:166.33,168.3 1 1
github.com/darkfella/cni-plugins-install/pkg/artifact/download.go:171.2,171.68 1 1
github.com/darkfella/cni-plugins-install/pkg/artifact/download.go:171.68,173.3 1 1
github.com/darkfella/cni-plugins-install/pkg/artifact/download.go:176.2,176.74 1 1
github.com/darkfella/cni-plugins-install/pkg/artifact/download.go:176.74,178.3 1 1
github.com/darkfella/cni-plugins-install/pkg/artifact/download.go:180.2,180.12 1 1
github.com/darkfella/cni-plugins-install/pkg/artifact/download.go:184.90,185.59 1 1
github.com/darkfella/cni-plugins-install/pkg/artifact/download.go:185.59,187.3 1 0
github.com/darkfella/cni-plugins-install/pkg/artifact/download.go:188.2,188.58 1 1
github.com/darkfella/cni-plugins-install/pkg/artifact/download.go:188.58,190.3 1 0
github.com/darkfella/cni-plugins-install/pkg/artifact/download.go:192.2,193.16 2 1
github.com/darkfella/cni-plugins-install/pkg/artifact/download.go:193.16,195.3 1 1
github.com/darkfella/cni-plugins-install/pkg/artifact/download.go:197.2,197.79 1 1
github.com/darkfella/cni-plugins-install/pkg/artifact/download.go:197.79,199.3 1 0
github.com/darkfella/cni-plugins-install/pkg/artifact/download.go:201.2,202.12 2 1
github.com/darkfella/cni-plugins-install/pkg/artifact/download.go:206.42,208.2 1 1
github.com/darkfella/cni-plugins-install/pkg/http/client.go:25.30,32.2 1 1
github.com/darkfella/cni-plugins-install/pkg/http/client.go:42.89,43.19 1 1
github.com/darkfella/cni-plugins-install/pkg/http/client.go:43.19,45.3 1 1
github.com/darkfella/cni-plugins-install/pkg/http/client.go:46.2,50.3 1 1
github.com/darkfella/cni-plugins-install/pkg/http/client.go:54.86,58.35 1 1
github.com/darkfella/cni-plugins-install/pkg/http/client.go:58.35,60.17 2 1
github.com/darkfella/cni-plugins-install/pkg/http/client.go:60.17,62.4 1 0
github.com/darkfella/cni-plugins-install/pkg/http/client.go:63.3,66.17 3 1
github.com/darkfella/cni-plugins-install/pkg/http/client.go:66.17,68.4 1 1
github.com/darkfella/cni-plugins-install/pkg/http/client.go:69.3,69.16 1 1
github.com/darkfella/cni-plugins-install/pkg/http/client.go:69.16,70.68 1 1
github.com/darkfella/cni-plugins-install/pkg/http/client.go:70.68,72.5 1 0
github.com/darkfella/cni-plugins-install/pkg/http/client.go:75.3,75.39 1 1
github.com/darkfella/cni-plugins-install/pkg/http/client.go:75.39,83.4 1 1
github.com/darkfella/cni-plugins-install/pkg/http/client.go:85.3,86.64 2 1
github.com/darkfella/cni-plugins-install/pkg/http/client.go:86.64,88.4 1 0
github.com/darkfella/cni-plugins-install/pkg/http/client.go:90.3,93.13 2 1
github.com/darkfella/cni-plugins-install/pkg/retry/retry.go:21.76,22.16 1 1
github.com/darkfella/cni-plugins-install/pkg/retry/retry.go:22.16,24.3 1 1
github.com/darkfella/cni-plugins-install/pkg/retry/retry.go:25.2,25.16 1 1
github.com/darkfella/cni-plugins-install/pkg/retry/retry.go:25.16,27.3 1 1
github.com/darkfella/cni-plugins-install/pkg/retry/retry.go:28.2,28.15 1 1
github.com/darkfella/cni-plugins-install/pkg/retry/retry.go:28.15,30.3 1 1
github.com/darkfella/cni-plugins-install/pkg/retry/retry.go:32.2,34.56 2 1
github.com/darkfella/cni-plugins-install/pkg/retry/retry.go:34.56,35.10 1 1
github.com/darkfella/cni-plugins-install/pkg/retry/retry.go:36.21,37.20 1 1
github.com/darkfella/cni-plugins-install/pkg/retry/retry.go:38.11,38.11 0 1
github.com/darkfella/cni-plugins-install/pkg/retry/retry.go:41.3,42.17 2 1
github.com/darkfella/cni-plugins-install/pkg/retry/retry.go:42.17,44.4 1 1
github.com/darkfella/cni-plugins-install/pkg/retry/retry.go:47.3,49.31 3 1
github.com/darkfella/cni-plugins-install/pkg/retry/retry.go:49.31,52.4 1 0
github.com/darkfella/cni-plugins-install/pkg/retry/retry.go:55.3,55.83 1 1
github.com/darkfella/cni-plugins-install/pkg/retry/retry.go:55.83,57.4 1 0
github.com/darkfella/cni-plugins-install/pkg/retry/retry.go:59.3,61.17 2 1
github.com/darkfella/cni-plugins-install/pkg/retry/retry.go:61.17,66.4 2 0
github.com/darkfella/cni-plugins-install/pkg/retry/retry.go:69.3,75.27 2 1
github.com/darkfella/cni-plugins-install/pkg/retry/retry.go:78.2,78.69 1 1
github.com/darkfella/cni-plugins-install/pkg/retry/retry.go:82.35,86.2 3 1
